<?xml version="1.0" encoding="UTF-8"?>
<!-- Generated by org.testng.reporters.JUnitReportReporter -->
<testsuite hostname="CNENXUK7L1C" name="testCase.TestCaseIndependent" tests="1" failures="0" timestamp="9 Dec 2014 10:32:48 GMT" time="43.964" errors="0">
  <testcase name="mailTest" time="43.964" classname="testCase.TestCaseIndependent"/>
</testsuite> <!-- testCase.TestCaseIndependent -->
