<?xml version="1.0" encoding="UTF-8"?>
<!-- Generated by org.testng.reporters.JUnitReportReporter -->
<testsuite hostname="KXU00969" name="testCase.IndependantTest" tests="1" failures="0" timestamp="22 Nov 2013 07:12:53 GMT" time="24.137" errors="0">
  <testcase name="test1" time="24.137" classname="testCase.IndependantTest"/>
</testsuite> <!-- testCase.IndependantTest -->
