<?xml version="1.0" encoding="UTF-8"?>
<!-- Generated by org.testng.reporters.JUnitReportReporter -->
<testsuite hostname="KXU00969" name="testCase.TestCase002" tests="2" failures="0" timestamp="19 Jul 2013 08:01:36 GMT" time="17.424" errors="0">
  <testcase name="contactSPXTest" time="17.151" classname="testCase.TestCase002"/>
  <testcase name="topNaviTest" time="0.273" classname="testCase.TestCase002"/>
</testsuite> <!-- testCase.TestCase002 -->
