<?xml version="1.0" encoding="UTF-8"?>
<!-- Generated by org.testng.reporters.JUnitReportReporter -->
<testsuite hostname="KXU00969" name="testCase.TestCaseEnd" tests="1" failures="0" timestamp="19 Jul 2013 08:01:36 GMT" time="0.255" errors="0">
  <testcase name="testEnd" time="0.255" classname="testCase.TestCaseEnd"/>
</testsuite> <!-- testCase.TestCaseEnd -->
