<?xml version="1.0" encoding="UTF-8"?>
<!-- Generated by org.testng.reporters.JUnitReportReporter -->
<testsuite hostname="KXU00969" name="utility.xmlParser.XmlParser" tests="1" failures="0" timestamp="10 Apr 2013 09:13:24 GMT" time="0.120" errors="0">
  <testcase name="getXmlXXX" time="0.120" classname="utility.xmlParser.XmlParser"/>
</testsuite> <!-- utility.xmlParser.XmlParser -->
