<?xml version="1.0" encoding="UTF-8"?>
<!-- Generated by org.testng.reporters.JUnitReportReporter -->
<testsuite hostname="CNENXUK7L1C" name="mobileTest.VerifyVersion" tests="1" failures="0" timestamp="15 Dec 2014 03:33:46 GMT" time="8.140" errors="0">
  <testcase name="verifyVersion" time="8.140" classname="mobileTest.VerifyVersion"/>
</testsuite> <!-- mobileTest.VerifyVersion -->
