<?xml version="1.0" encoding="UTF-8"?>
<!-- Generated by org.testng.reporters.JUnitReportReporter -->
<testsuite hostname="KXU00969" name="testCase.TestCase004" tests="1" failures="0" timestamp="2 Sep 2013 08:46:53 GMT" time="15.177" errors="0">
  <testcase name="xxxtest" time="15.177" classname="testCase.TestCase004"/>
</testsuite> <!-- testCase.TestCase004 -->
