<?xml version="1.0" encoding="UTF-8"?>
<!-- Generated by org.testng.reporters.JUnitReportReporter -->
<testsuite hostname="KXU00969" name="testCase.HTML5_Test" tests="1" failures="0" timestamp="19 Aug 2013 02:52:12 GMT" time="21.566" errors="0">
  <testcase name="sadf" time="21.566" classname="testCase.HTML5_Test"/>
</testsuite> <!-- testCase.HTML5_Test -->
