<?xml version="1.0" encoding="UTF-8"?>
<!-- Generated by org.testng.reporters.JUnitReportReporter -->
<testsuite hostname="KXU00969" name="testCase.Games" tests="1" failures="0" timestamp="13 May 2013 07:26:04 GMT" time="16.328" errors="0">
  <testcase name="diablo" time="16.328" classname="testCase.Games"/>
</testsuite> <!-- testCase.Games -->
