<?xml version="1.0" encoding="UTF-8"?>
<!-- Generated by org.testng.reporters.JUnitReportReporter -->
<testsuite hostname="KXU00969" name="module.Jinyong.Herotest" tests="1" failures="0" timestamp="30 Oct 2013 02:33:22 GMT" time="0.596" errors="0">
  <testcase name="FightTest" time="0.596" classname="module.Jinyong.Herotest"/>
</testsuite> <!-- module.Jinyong.Herotest -->
