<?xml version="1.0" encoding="UTF-8"?>
<!-- Generated by org.testng.reporters.JUnitReportReporter -->
<testsuite hostname="KXU00969" name="utility.dateTime.DateTime" tests="1" failures="0" timestamp="18 Apr 2013 09:48:12 GMT" time="0.018" errors="0">
  <testcase name="getCurrentTime" time="0.018" classname="utility.dateTime.DateTime"/>
</testsuite> <!-- utility.dateTime.DateTime -->
