<?xml version="1.0" encoding="UTF-8"?>
<!-- Generated by org.testng.reporters.JUnitReportReporter -->
<testsuite hostname="KXU00969" name="utility.file.TestResult" tests="1" failures="0" timestamp="19 Apr 2013 03:40:55 GMT" time="0.023" errors="0">
  <testcase name="storeTestResult" time="0.023" classname="utility.file.TestResult"/>
</testsuite> <!-- utility.file.TestResult -->
