<?xml version="1.0" encoding="UTF-8"?>
<!-- Generated by org.testng.reporters.JUnitReportReporter -->
<testsuite hostname="KXU00969" name="testCase.TestCase003" tests="1" failures="0" timestamp="19 Aug 2013 02:26:20 GMT" time="40.026" errors="0">
  <testcase name="OurCompanyPageTest" time="40.026" classname="testCase.TestCase003"/>
</testsuite> <!-- testCase.TestCase003 -->
