<?xml version="1.0" encoding="UTF-8"?>
<!-- Generated by org.testng.reporters.JUnitReportReporter -->
<testsuite hostname="KXU00969" name="testCase.TestCase001" tests="3" failures="0" timestamp="19 Jul 2013 08:01:36 GMT" time="185.571" errors="0">
  <testcase name="spotlightTest" time="28.249" classname="testCase.TestCase001"/>
  <testcase name="newsListTest" time="30.214" classname="testCase.TestCase001"/>
  <testcase name="heroStoryTest" time="127.108" classname="testCase.TestCase001"/>
</testsuite> <!-- testCase.TestCase001 -->
