<?xml version="1.0" encoding="UTF-8"?>
<!-- Generated by org.testng.reporters.JUnitReportReporter -->
<testsuite hostname="CNENXUK7L1C" name="funLibrary.SimpleTest" tests="1" failures="0" timestamp="11 Sep 2015 02:35:25 GMT" time="0.013" errors="0">
  <testcase name="test" time="0.013" classname="funLibrary.SimpleTest"/>
</testsuite> <!-- funLibrary.SimpleTest -->
