<?xml version="1.0" encoding="UTF-8"?>
<!-- Generated by org.testng.reporters.JUnitReportReporter -->
<testsuite hostname="CNENXUK7L1C" name="test.UnitTest" tests="1" failures="0" timestamp="8 Sep 2015 03:32:51 GMT" time="0.013" errors="0">
  <testcase name="test" time="0.013" classname="test.UnitTest"/>
</testsuite> <!-- test.UnitTest -->
