<?xml version="1.0" encoding="UTF-8"?>
<!-- Generated by org.testng.reporters.JUnitReportReporter -->
<testsuite hostname="CNENXUK7L1C" name="funLibrary.QuanMinShuiHu" tests="1" failures="0" timestamp="9 Sep 2015 08:00:06 GMT" time="7.017" errors="0">
  <testcase name="tenDraw" time="7.017" classname="funLibrary.QuanMinShuiHu"/>
</testsuite> <!-- funLibrary.QuanMinShuiHu -->
